This is pdfTeXk, Version 3.141592-1.40.3 (Web2C 7.5.6) (format=pdflatex 2015.9.24)  25 NOV 2016 14:48
entering extended mode
 %&-line parsing enabled.
**CdTeCalorimeter
(./CdTeCalorimeter.tex
LaTeX2e <2005/12/01>
Babel <v3.8h> and hyphenation patterns for english, usenglishmax, dumylang, noh
yphenation, arabic, basque, bulgarian, coptic, welsh, czech, slovak, german, ng
erman, danish, esperanto, spanish, catalan, galician, estonian, farsi, finnish,
 french, greek, monogreek, ancientgreek, croatian, hungarian, interlingua, ibyc
us, indonesian, icelandic, italian, latin, mongolian, dutch, norsk, polish, por
tuguese, pinyin, romanian, russian, slovenian, uppersorbian, serbian, swedish, 
turkish, ukenglish, ukrainian, loaded.
(./elsarticle.cls
Document Class: elsarticle 2008/05/22, 1.0.1: Elsevier Science
\@bls=\dimen102
(/usr/share/texmf/tex/latex/base/article.cls
Document Class: article 2005/09/16 v1.4f Standard LaTeX document class
(/usr/share/texmf/tex/latex/base/size10.clo
File: size10.clo 2005/09/16 v1.4f Standard LaTeX file (size option)
)
\c@part=\count79
\c@section=\count80
\c@subsection=\count81
\c@subsubsection=\count82
\c@paragraph=\count83
\c@subparagraph=\count84
\c@figure=\count85
\c@table=\count86
\abovecaptionskip=\skip41
\belowcaptionskip=\skip42
\bibindent=\dimen103
)
(/usr/share/texmf/tex/latex/graphics/graphicx.sty
Package: graphicx 1999/02/16 v1.0f Enhanced LaTeX Graphics (DPC,SPQR)

(/usr/share/texmf/tex/latex/graphics/keyval.sty
Package: keyval 1999/03/16 v1.13 key=value parser (DPC)
\KV@toks@=\toks14
)
(/usr/share/texmf/tex/latex/graphics/graphics.sty
Package: graphics 2006/02/20 v1.0o Standard LaTeX Graphics (DPC,SPQR)

(/usr/share/texmf/tex/latex/graphics/trig.sty
Package: trig 1999/03/16 v1.09 sin cos tan (DPC)
)
(/usr/share/texmf/tex/latex/config/graphics.cfg
File: graphics.cfg 2007/01/18 v1.5 graphics configuration of teTeX/TeXLive
)
Package graphics Info: Driver file: pdftex.def on input line 90.

(/usr/share/texmf/tex/latex/pdftex-def/pdftex.def
File: pdftex.def 2007/01/08 v0.04d Graphics/color for pdfTeX
\Gread@gobject=\count87
))
\Gin@req@height=\dimen104
\Gin@req@width=\dimen105
)
(/usr/share/texmf/tex/latex/psnfss/pifont.sty
Package: pifont 2005/04/12 PSNFSS-v9.2a Pi font support (SPQR) 
LaTeX Font Info:    Try loading font information for U+pzd on input line 63.

(/usr/share/texmf/tex/latex/psnfss/upzd.fd
File: upzd.fd 2001/06/04 font definitions for U/pzd.
)
LaTeX Font Info:    Try loading font information for U+psy on input line 64.

(/usr/share/texmf/tex/latex/psnfss/upsy.fd
File: upsy.fd 2001/06/04 font definitions for U/psy.
))
\c@tnote=\count88
\c@fnote=\count89
\c@cnote=\count90
\c@ead=\count91
\c@author=\count92
\@eadauthor=\toks15
\c@affn=\count93
\absbox=\box26
\keybox=\box27
\Columnwidth=\dimen106
\space@left=\dimen107
\els@boxa=\box28
\els@boxb=\box29
\leftMargin=\dimen108
\@enLab=\toks16
\@sep=\skip43
\@@sep=\skip44
 (./CdTeCalorimeter.spl)
(/usr/share/texmf/tex/latex/natbib/natbib.sty
Package: natbib 2007/02/05 8.0 (PWD)
\bibhang=\skip45
\bibsep=\skip46
LaTeX Info: Redefining \cite on input line 602.
\c@NAT@ctr=\count94
)
\splwrite=\write3
\openout3 = `CdTeCalorimeter.spl'.


(/usr/share/texmf/tex/latex/geometry/geometry.sty
Package: geometry 2002/07/08 v3.2 Page Geometry
\Gm@cnth=\count95
\Gm@cntv=\count96
\c@Gm@tempcnt=\count97
\Gm@bindingoffset=\dimen109
\Gm@wd@mp=\dimen110
\Gm@odd@mp=\dimen111
\Gm@even@mp=\dimen112
\Gm@dimlist=\toks17
))
(/usr/share/texmf/tex/latex/amsfonts/amssymb.sty
Package: amssymb 2002/01/22 v2.2d

(/usr/share/texmf/tex/latex/amsfonts/amsfonts.sty
Package: amsfonts 2001/10/25 v2.2f
\@emptytoks=\toks18
\symAMSa=\mathgroup4
\symAMSb=\mathgroup5
LaTeX Font Info:    Overwriting math alphabet `\mathfrak' in version `bold'
(Font)                  U/euf/m/n --> U/euf/b/n on input line 132.
))
(/usr/share/texmf/tex/latex/lineno/lineno.sty
Package: lineno 2005/11/02 line numbers on paragraphs v4.41
\linenopenalty=\count98
\output=\toks19
\linenoprevgraf=\count99
\linenumbersep=\dimen113
\linenumberwidth=\dimen114
\c@linenumber=\count100
\c@pagewiselinenumber=\count101
\c@LN@truepage=\count102
\c@internallinenumber=\count103
\c@internallinenumbers=\count104
\quotelinenumbersep=\dimen115
\bframerule=\dimen116
\bframesep=\dimen117
\bframebox=\box30
LaTeX Info: Redefining \\ on input line 3056.
)
(/usr/share/texmf/tex/latex/hyperref/hyperref.sty
Package: hyperref 2007/02/07 v6.75r Hypertext links for LaTeX
\@linkdim=\dimen118
\Hy@linkcounter=\count105
\Hy@pagecounter=\count106

(/usr/share/texmf/tex/latex/hyperref/pd1enc.def
File: pd1enc.def 2007/02/07 v6.75r Hyperref: PDFDocEncoding definition (HO)
)
(/usr/share/texmf/tex/latex/config/hyperref.cfg
File: hyperref.cfg 2002/06/06 v1.2 hyperref configuration of TeXLive
)
(/usr/share/texmf/tex/latex/oberdiek/kvoptions.sty
Package: kvoptions 2006/08/22 v2.4 Connects package keyval with LaTeX options (
HO)
)
Package hyperref Info: Hyper figures OFF on input line 2288.
Package hyperref Info: Link nesting OFF on input line 2293.
Package hyperref Info: Hyper index ON on input line 2296.
Package hyperref Info: Plain pages OFF on input line 2303.
Package hyperref Info: Backreferencing OFF on input line 2308.

Implicit mode ON; LaTeX internals redefined
Package hyperref Info: Bookmarks ON on input line 2444.
(/usr/share/texmf/tex/latex/ltxmisc/url.sty
\Urlmuskip=\muskip10
Package: url 2005/06/27  ver 3.2  Verb mode for urls, etc.
)
LaTeX Info: Redefining \url on input line 2599.
\Fld@menulength=\count107
\Field@Width=\dimen119
\Fld@charsize=\dimen120
\Choice@toks=\toks20
\Field@toks=\toks21
Package hyperref Info: Hyper figures OFF on input line 3102.
Package hyperref Info: Link nesting OFF on input line 3107.
Package hyperref Info: Hyper index ON on input line 3110.
Package hyperref Info: backreferencing OFF on input line 3117.
Package hyperref Info: Link coloring OFF on input line 3122.
\Hy@abspage=\count108
\c@Item=\count109
\c@Hfootnote=\count110
)
*hyperref using default driver hpdftex*
(/usr/share/texmf/tex/latex/hyperref/hpdftex.def
File: hpdftex.def 2007/02/07 v6.75r Hyperref driver for pdfTeX
\Fld@listcount=\count111
) (./CdTeCalorimeter.aux)
\openout1 = `CdTeCalorimeter.aux'.

LaTeX Font Info:    Checking defaults for OML/cmm/m/it on input line 55.
LaTeX Font Info:    ... okay on input line 55.
LaTeX Font Info:    Checking defaults for T1/cmr/m/n on input line 55.
LaTeX Font Info:    ... okay on input line 55.
LaTeX Font Info:    Checking defaults for OT1/cmr/m/n on input line 55.
LaTeX Font Info:    ... okay on input line 55.
LaTeX Font Info:    Checking defaults for OMS/cmsy/m/n on input line 55.
LaTeX Font Info:    ... okay on input line 55.
LaTeX Font Info:    Checking defaults for OMX/cmex/m/n on input line 55.
LaTeX Font Info:    ... okay on input line 55.
LaTeX Font Info:    Checking defaults for U/cmr/m/n on input line 55.
LaTeX Font Info:    ... okay on input line 55.
LaTeX Font Info:    Checking defaults for PD1/pdf/m/n on input line 55.
LaTeX Font Info:    ... okay on input line 55.
-------------------- Geometry parameters
paper: user defined
landscape: --
twocolumn: --
twoside: --
asymmetric: --
h-parts: 106.75394pt, 384.0pt, 106.75394pt
v-parts: 141.52342pt, 562.0pt, 141.52342pt
hmarginratio: 1:1
vmarginratio: 1:1
lines: --
heightrounded: --
bindingoffset: 0.0pt
truedimen: --
includehead: --
includefoot: --
includemp: --
driver: pdftex
-------------------- Page layout dimensions and switches
\paperwidth  597.50787pt
\paperheight 845.04684pt
\textwidth  384.0pt
\textheight 562.0pt
\oddsidemargin  34.48395pt
\evensidemargin 34.48395pt
\topmargin  7.25343pt
\headheight 50.0pt
\headsep    12.0pt
\footskip   12.0pt
\marginparwidth 65.0pt
\marginparsep   11.0pt
\columnsep  10.0pt
\skip\footins  24.0pt plus 2.0pt minus 12.0pt
\hoffset 0.0pt
\voffset 0.0pt
\mag 1000

(1in=72.27pt, 1cm=28.45pt)
-----------------------
Package hyperref Info: Link coloring OFF on input line 55.

(/usr/share/texmf/tex/latex/hyperref/nameref.sty
Package: nameref 2006/12/27 v2.28 Cross-referencing by name of section

(/usr/share/texmf/tex/latex/oberdiek/refcount.sty
Package: refcount 2006/02/20 v3.0 Data extraction from references (HO)
)
\c@section@level=\count112
)
LaTeX Info: Redefining \ref on input line 55.
LaTeX Info: Redefining \pageref on input line 55.
 (./CdTeCalorimeter.out)
(./CdTeCalorimeter.out)
\@outlinefile=\write4
\openout4 = `CdTeCalorimeter.out'.

LaTeX Font Info:    Try loading font information for U+msa on input line 112.
 (/usr/share/texmf/tex/latex/amsfonts/umsa.fd
File: umsa.fd 2002/01/19 v2.2g AMS font definitions
)
LaTeX Font Info:    Try loading font information for U+msb on input line 112.

(/usr/share/texmf/tex/latex/amsfonts/umsb.fd
File: umsb.fd 2002/01/19 v2.2g AMS font definitions
) (./introduction.tex [1

{/var/lib/texmf/fonts/map/pdftex/updmap/pdftex.map}]

Package natbib Warning: Citation `CALICE' on page 2 undefined on input line 22.



Package natbib Warning: Citation `HGCal' on page 2 undefined on input line 22.


Package natbib Warning: Citation `CdTeSolar' on page 2 undefined on input line 
28.


Package natbib Warning: Citation `SiliconTiming' on page 2 undefined on input l
ine 46.


Package natbib Warning: Citation `santacruz' on page 2 undefined on input line 
47.

) (./cdtesensor.tex <figures/CdTeSensor.png, id=32, 481.29813pt x 314.67563pt>
File: figures/CdTeSensor.png Graphic file (type png)

<use figures/CdTeSensor.png>) (./setup.tex [2 <./figures/CdTeSensor.png>]

Package natbib Warning: Citation `Ronzhin2015288' on page 3 undefined on input 
line 25.


LaTeX Warning: Reference `fig:BeamSchematicDiagram' on page 3 undefined on inpu
t line 29.

<figures/H2_BeamSchematicDiagram.pdf, id=42, 505.89pt x 505.89pt>
File: figures/H2_BeamSchematicDiagram.pdf Graphic file (type pdf)

<use figures/H2_BeamSchematicDiagram.pdf>
<figures/T9_BeamSchematicDiagram.pdf, id=43, 505.89pt x 505.89pt>
File: figures/T9_BeamSchematicDiagram.pdf Graphic file (type pdf)

<use figures/T9_BeamSchematicDiagram.pdf>

LaTeX Warning: Reference `sec:results' on page 3 undefined on input line 38.


LaTeX Warning: Reference `sec:results' on page 3 undefined on input line 38.


LaTeX Warning: Reference `fig:BeamSensorPosition' on page 3 undefined on input 
line 45.

[3 <./figures/H2_BeamSchematicDiagram.pdf> <./figures/T9_BeamSchematicDiagram.p
df>] <figures/SensorXProfile.pdf, id=197, 569.12625pt x 553.06625pt>
File: figures/SensorXProfile.pdf Graphic file (type pdf)

<use figures/SensorXProfile.pdf>
<figures/SensorYProfile.pdf, id=198, 569.12625pt x 553.06625pt>
File: figures/SensorYProfile.pdf Graphic file (type pdf)

<use figures/SensorYProfile.pdf>) (./reco.tex

LaTeX Warning: Reference `fig:Pulses' on page 4 undefined on input line 8.

<figures/TypicalPulses.pdf, id=199, 569.12625pt x 410.53375pt>
File: figures/TypicalPulses.pdf Graphic file (type pdf)

<use figures/TypicalPulses.pdf>
<figures/TypicalPulses_Zoom.pdf, id=200, 569.12625pt x 410.53375pt>
File: figures/TypicalPulses_Zoom.pdf Graphic file (type pdf)

<use figures/TypicalPulses_Zoom.pdf>

Package natbib Warning: Citation `Anderson:2015gha' on page 4 undefined on inpu
t line 30.


LaTeX Warning: Reference `fig:BeamSensorPosition' on page 4 undefined on input 
line 33.


LaTeX Warning: Reference `fig:BeamSchematicDiagram' on page 4 undefined on inpu
t line 44.

[4 <./figures/SensorXProfile.pdf, page is rotated 90 degrees> <./figures/Sensor
YProfile.pdf, page is rotated 90 degrees>]) (./calo.tex

LaTeX Warning: Reference `fig:ChargeDistribution' on page 5 undefined on input 
line 8.

<figures/2GeV_charge.pdf, id=295, 569.12625pt x 548.0475pt>
File: figures/2GeV_charge.pdf Graphic file (type pdf)

<use figures/2GeV_charge.pdf>
<figures/200GeV_charge.pdf, id=296, 569.12625pt x 548.0475pt>
File: figures/200GeV_charge.pdf Graphic file (type pdf)

<use figures/200GeV_charge.pdf>

LaTeX Warning: Reference `fig:ChargeVsEnergy' on page 5 undefined on input line
 23.


LaTeX Warning: Reference `fig:ChargeVsEnergy' on page 5 undefined on input line
 25.

<figures/ChargeVsEnergyAt2X0.pdf, id=297, 569.12625pt x 553.06625pt>
File: figures/ChargeVsEnergyAt2X0.pdf Graphic file (type pdf)

<use figures/ChargeVsEnergyAt2X0.pdf>
<figures/ChargeVsEnergyAt6X0.pdf, id=298, 569.12625pt x 553.06625pt>
File: figures/ChargeVsEnergyAt6X0.pdf Graphic file (type pdf)

<use figures/ChargeVsEnergyAt6X0.pdf>) (./timing.tex

LaTeX Warning: Reference `fig:DeltaTVsAmplitude' on page 5 undefined on input l
ine 7.

[5 <./figures/TypicalPulses.pdf, page is rotated 90 degrees> <./figures/Typical
Pulses_Zoom.pdf, page is rotated 90 degrees>] [6 <./figures/2GeV_charge.pdf, pa
ge is rotated 90 degrees> <./figures/200GeV_charge.pdf, page is rotated 90 degr
ees> <./figures/ChargeVsEnergyAt2X0.pdf, page is rotated 90 degrees> <./figures
/ChargeVsEnergyAt6X0.pdf, page is rotated 90 degrees>]

LaTeX Warning: Reference `fig:DeltaTVsBeamXY' on page 7 undefined on input line
 23.

<figures/DeltaTVsHorizontalPosition.pdf, id=575, 569.12625pt x 555.07375pt>
File: figures/DeltaTVsHorizontalPosition.pdf Graphic file (type pdf)

<use figures/DeltaTVsHorizontalPosition.pdf>
<figures/DeltaTVsVerticalPosition.pdf, id=576, 569.12625pt x 555.07375pt>
File: figures/DeltaTVsVerticalPosition.pdf Graphic file (type pdf)

<use figures/DeltaTVsVerticalPosition.pdf>

LaTeX Warning: Reference `fig:DeltaT' on page 7 undefined on input line 42.


LaTeX Warning: Reference `fig:TimeResolutionVsBeamXY' on page 7 undefined on in
put line 45.


LaTeX Warning: Reference `fig:ChargeVsEnergy' on page 7 undefined on input line
 48.


<figures/TimeResolutionVsBeamHorizontalPosition.pdf, id=577, 569.12625pt x 423.
5825pt>
File: figures/TimeResolutionVsBeamHorizontalPosition.pdf Graphic file (type pdf
)
 <use figures/TimeResolutionVsBeamHorizontalPosition.pdf>
<figures/TimeResolutionVsBeamVerticalPosition.pdf, id=578, 569.12625pt x 423.58
25pt>
File: figures/TimeResolutionVsBeamVerticalPosition.pdf Graphic file (type pdf)
 <use figures/TimeResolutionVsBeamVerticalPosition.pdf>

LaTeX Warning: Reference `fig:riseTime' on page 7 undefined on input line 88.


LaTeX Warning: Reference `fig:riseTime' on page 7 undefined on input line 90.

[7 <./figures/DeltaTVsHorizontalPosition.pdf, page is rotated 90 degrees> <./fi
gures/DeltaTVsVerticalPosition.pdf, page is rotated 90 degrees>]
<figures/100GeV_risetime.pdf, id=676, 569.12625pt x 548.0475pt>
File: figures/100GeV_risetime.pdf Graphic file (type pdf)

<use figures/100GeV_risetime.pdf>
<figures/RisetimeVsEnergy.pdf, id=677, 569.12625pt x 553.06625pt>
File: figures/RisetimeVsEnergy.pdf Graphic file (type pdf)

<use figures/RisetimeVsEnergy.pdf>) (./summary.tex

Package natbib Warning: Citation `PDG' on page 8 undefined on input line 15.


Package natbib Warning: Citation `Sze' on page 8 undefined on input line 18.


Package natbib Warning: Citation `Singh' on page 8 undefined on input line 18.

[8 <./figures/TimeResolutionVsBeamHorizontalPosition.pdf, page is rotated 90 de
grees> <./figures/TimeResolutionVsBeamVerticalPosition.pdf, page is rotated 90 
degrees>])
No file CdTeCalorimeter.bbl.

Package natbib Warning: There were undefined citations.

[9 <./figures/100GeV_risetime.pdf, page is rotated 90 degrees> <./figures/Riset
imeVsEnergy.pdf, page is rotated 90 degrees>] (./CdTeCalorimeter.aux)

LaTeX Warning: There were undefined references.


LaTeX Warning: Label(s) may have changed. Rerun to get cross-references right.

 ) 
Here is how much of TeX's memory you used:
 3946 strings out of 256214
 53949 string characters out of 1917000
 110543 words of memory out of 1500000
 7125 multiletter control sequences out of 10000+200000
 11400 words of font info for 43 fonts, out of 1200000 for 2000
 645 hyphenation exceptions out of 8191
 32i,7n,36p,727b,348s stack positions out of 5000i,500n,6000p,200000b,15000s
</usr/share/texmf/fonts/type1/bluesky/cm/cmbx10.pfb></usr/share/texmf/fonts/t
ype1/bluesky/cm/cmbx8.pfb></usr/share/texmf/fonts/type1/bluesky/cm/cmmi10.pfb><
/usr/share/texmf/fonts/type1/bluesky/cm/cmmi8.pfb></usr/share/texmf/fonts/type1
/bluesky/cm/cmr10.pfb></usr/share/texmf/fonts/type1/bluesky/cm/cmr12.pfb></usr/
share/texmf/fonts/type1/bluesky/cm/cmr6.pfb></usr/share/texmf/fonts/type1/blues
ky/cm/cmr7.pfb></usr/share/texmf/fonts/type1/bluesky/cm/cmr8.pfb></usr/share/te
xmf/fonts/type1/bluesky/cm/cmss8.pfb></usr/share/texmf/fonts/type1/bluesky/cm/c
msy10.pfb></usr/share/texmf/fonts/type1/bluesky/cm/cmsy6.pfb></usr/share/texmf/
fonts/type1/bluesky/cm/cmsy7.pfb></usr/share/texmf/fonts/type1/bluesky/cm/cmti1
0.pfb></usr/share/texmf/fonts/type1/bluesky/cm/cmti7.pfb></usr/share/texmf/font
s/type1/bluesky/cm/cmti8.pfb>
Output written on CdTeCalorimeter.pdf (9 pages, 1286206 bytes).
PDF statistics:
 925 PDF objects out of 1000 (max. 8388607)
 32 named destinations out of 1000 (max. 131072)
 110 words of extra memory for PDF output out of 10000 (max. 10000000)

